pos_android_studio_app/proguard/seeds.txt
com.dspread.demoui.injectKey.Poskeys$RSA_KEY_LEN: com.dspread.demoui.injectKey.Poskeys$RSA_KEY_LEN[] values()
com.dspread.demoui.InnerListview: InnerListview(android.content.Context,android.util.AttributeSet)
com.dspread.demoui.InnerListview: InnerListview(android.content.Context)
com.dspread.demoui.IccActivity: IccActivity()
com.dspread.demoui.keyBoard.MyKeyboardView: MyKeyboardView(android.content.Context,android.util.AttributeSet,int)
com.dspread.demoui.TestD20Activity: TestD20Activity()
com.dspread.demoui.keyBoard.MyKeyboardView: void setHeight(int)
com.dspread.demoui.MainActivity$POS_TYPE: com.dspread.demoui.MainActivity$POS_TYPE USB
com.dspread.demoui.injectKey.Poskeys$RSA_KEY_LEN: com.dspread.demoui.injectKey.Poskeys$RSA_KEY_LEN valueOf(java.lang.String)
com.dspread.demoui.keyBoard.MyKeyboardView: void setKeyBoardType(int)
com.dspread.demoui.injectKey.Poskeys$RSA_KEY_LEN: com.dspread.demoui.injectKey.Poskeys$RSA_KEY_LEN RSA_KEY_2048
com.dspread.demoui.keyBoard.MyKeyboardView: android.widget.EditText getEditText()
com.dspread.demoui.MainActivity
com.dspread.demoui.ConnectedDeviceListActivity
com.dspread.demoui.MainActivity$POS_TYPE: com.dspread.demoui.MainActivity$POS_TYPE[] values()
com.dspread.demoui.WelcomeActivity: void onClick(android.view.View)
com.dspread.demoui.MainActivity: MainActivity()
com.dspread.demoui.MainActivity$POS_TYPE: com.dspread.demoui.MainActivity$POS_TYPE BLUETOOTH_BLE
com.dspread.demoui.keyBoard.MyKeyboardView: MyKeyboardView(android.content.Context,android.util.AttributeSet)
com.dspread.demoui.MainActivity$POS_TYPE: com.dspread.demoui.MainActivity$POS_TYPE AUDIO
com.dspread.demoui.IccActivity
com.dspread.demoui.injectKey.Poskeys$RSA_KEY_LEN: com.dspread.demoui.injectKey.Poskeys$RSA_KEY_LEN RSA_KEY_1024
com.dspread.demoui.InnerListview
com.dspread.demoui.TestD20Activity
com.dspread.demoui.AboutActivity
com.dspread.demoui.DeviceListActivity
com.dspread.demoui.MainActivity$POS_TYPE: com.dspread.demoui.MainActivity$POS_TYPE valueOf(java.lang.String)
com.dspread.demoui.MainActivity$POS_TYPE: com.dspread.demoui.MainActivity$POS_TYPE OTG
com.dspread.demoui.WelcomeActivity: WelcomeActivity()
com.dspread.demoui.InnerListview: InnerListview(android.content.Context,android.util.AttributeSet,int)
com.dspread.demoui.TestD20Activity: void onClick(android.view.View)
com.dspread.demoui.BusinessCardActivity
com.dspread.demoui.MainActivity$POS_TYPE: com.dspread.demoui.MainActivity$POS_TYPE BLUETOOTH
com.dspread.demoui.keyBoard.MyKeyboardView: void setKeyBoardListener(com.dspread.demoui.KeyBoardNumInterface)
com.dspread.demoui.AboutActivity: AboutActivity()
com.dspread.demoui.keyBoard.MyKeyboardView
com.dspread.demoui.DeviceListActivity: DeviceListActivity()
com.dspread.demoui.ConnectedDeviceListActivity: ConnectedDeviceListActivity()
com.dspread.demoui.BusinessCardActivity: BusinessCardActivity()
com.dspread.demoui.keyBoard.MyKeyboardView: void setContext(android.app.Activity)
com.dspread.demoui.MainActivity$POS_TYPE: com.dspread.demoui.MainActivity$POS_TYPE UART
com.dspread.demoui.WelcomeActivity
...
org.bouncycastle.pqc.asn1.RainbowPublicKey: int getDocLength()
org.bouncycastle.asn1.x509.X509Extension: org.bouncycastle.asn1.ASN1ObjectIdentifier deltaCRLIndicator
org.bouncycastle.jce.X509KeyUsage: int keyCertSign
org.bouncycastle.asn1.crmf.CertReqMsg: org.bouncycastle.asn1.crmf.CertReqMsg getInstance(org.bouncycastle.asn1.ASN1TaggedObject,boolean)
org.bouncycastle.jcajce.provider.digest.Skein$SkeinMacKeyGenerator_512_384: Skein$SkeinMacKeyGenerator_512_384()
org.bouncycastle.i18n.LocaleString: LocaleString(java.lang.String,java.lang.String,java.lang.String)
org.bouncycastle.crypto.ec.CustomNamedCurves$32: CustomNamedCurves$32()
org.bouncycastle.x509.X509CollectionStoreParameters: java.util.Collection getCollection()
com.dspread.xpos.bean.SYSEntity: java.lang.String sys_para_general_flag
android.support.v7.appcompat.R$drawable: int abc_text_select_handle_middle_mtrl_dark
com.dspread.xpos.QPOSService: java.lang.String getAmountPoint()
org.bouncycastle.jce.X509LDAPCertStoreParameters$Builder: org.bouncycastle.jce.X509LDAPCertStoreParameters$Builder setLdapAttributeCertificateAttributeAttributeName(java.lang.String)
android.support.v7.appcompat.R$attr: int subtitleTextStyle
com.dspread.xpos.VPosBluetooth: java.lang.String INCOMING_MSG
org.bouncycastle.pqc.crypto.rainbow.util.GF2Field: int MASK
android.support.v7.appcompat.R$dimen: int abc_control_corner_material
org.bouncycastle.crypto.signers.ISO9796d2Signer: int TRAILER_RIPEMD160
com.dspread.xpos.QPOSService$AmountType: com.dspread.xpos.QPOSService$AmountType MONEY_TYPE_DOLLAR
org.bouncycastle.pqc.jcajce.provider.xmss.XMSSMTSignatureSpi: void engineInitSign(java.security.PrivateKey)
org.bouncycastle.math.ec.custom.sec.SecP384R1FieldElement: org.bouncycastle.math.ec.ECFieldElement sqrt()
org.bouncycastle.jcajce.provider.drbg.DRBG: java.security.SecureRandom access$500()
org.bouncycastle.pqc.crypto.gmss.GMSSLeaf: int keysize
com.example.a94585.myapplication.R$style: int TextAppearance_AppCompat
org.bouncycastle.crypto.digests.NonMemoableDigest: NonMemoableDigest(org.bouncycastle.crypto.ExtendedDigest)
org.bouncycastle.jcajce.provider.symmetric.util.BaseAlgorithmParameters
com.dspread.xpos.Console: int[] MsrData1
org.bouncycastle.asn1.ess.OtherSigningCertificate: OtherSigningCertificate(org.bouncycastle.asn1.ess.OtherCertID)
org.bouncycastle.asn1.eac.EACTags: int DIGITAL_SIGNATURE_BLOCK
org.bouncycastle.crypto.digests.SHA224Digest: int Ch(int,int,int)
org.bouncycastle.jcajce.PKIXCertStoreSelector$1
com.dspread.xpos.TradeMsg: int MSG_CALCULATE_MAC
org.bouncycastle.math.ec.custom.sec.SecT113Field: void addOne(long[],long[])
org.bouncycastle.crypto.agreement.jpake.JPAKERound1Payload: JPAKERound1Payload(java.lang.String,java.math.BigInteger,java.math.BigInteger,java.math.BigInteger[],java.math.BigInteger[])
com.dspread.xpos.bean.CUSTOMEEntity: void setEncryp_key_trk_10(java.lang.String)
org.bouncycastle.jcajce.provider.symmetric.PBEPBKDF2$AlgParams: PBEPBKDF2$AlgParams()
org.bouncycastle.math.ec.custom.gm.SM2P256V1Curve$1
org.bouncycastle.asn1.dvcs.DVCSCertInfo: org.bouncycastle.asn1.ASN1Set getReqSignature()
org.bouncycastle.asn1.teletrust.TeleTrusTNamedCurves: org.bouncycastle.asn1.x9.X9ECParametersHolder brainpoolP384r1
org.bouncycastle.crypto.agreement.DHStandardGroups: java.lang.String rfc3526_1536_p
org.bouncycastle.pqc.crypto.xmss.XMSSMTPrivateKeyParameters$Builder: org.bouncycastle.pqc.crypto.xmss.XMSSParameters access$200(org.bouncycastle.pqc.crypto.xmss.XMSSMTPrivateKeyParameters$Builder)
org.bouncycastle.crypto.util.PublicKeyFactory$GOST3410_2001Converter: PublicKeyFactory$GOST3410_2001Converter()
org.bouncycastle.asn1.DERVideotexString: org.bouncycastle.asn1.DERVideotexString getInstance(java.lang.Object)
org.bouncycastle.math.ec.custom.sec.SecT163R1Curve: int getM()
org.bouncycastle.crypto.encodings.ISO9796d1Encoding: byte[] encodeBlock(byte[],int,int)
org.bouncycastle.asn1.cmp.CertResponse: org.bouncycastle.asn1.cmp.PKIStatusInfo getStatus()