pos_android_studio_app/proguard/mapping.txt
# compiler: R8
# compiler_version: 2.1.75
# min_api: 15
# pg_map_id: 8cdf536
# common_typos_disable
com.dspread.demoui.BusinessCardActivity -> com.dspread.demoui.BusinessCardActivity:
    android.app.Dialog dialog -> f
    com.dspread.xpos.QPOSService pos -> g
    android.widget.EditText statusEditText -> d
    android.widget.EditText writeEditText -> c
    com.dspread.demoui.BusinessCardActivity$MyPosListener listener -> h
    android.widget.Button writeBtn -> a
    android.widget.ListView appListView -> e
    android.widget.Button readBtn -> b
    android.widget.EditText access$000(com.dspread.demoui.BusinessCardActivity) -> a
    com.dspread.xpos.QPOSService access$100(com.dspread.demoui.BusinessCardActivity) -> b
    android.app.Dialog access$200(com.dspread.demoui.BusinessCardActivity) -> c
    android.app.Dialog access$202(com.dspread.demoui.BusinessCardActivity,android.app.Dialog) -> d
    void access$300(com.dspread.demoui.BusinessCardActivity) -> e
    android.widget.EditText access$400(com.dspread.demoui.BusinessCardActivity) -> f
    android.widget.ListView access$500(com.dspread.demoui.BusinessCardActivity) -> g
    android.widget.ListView access$502(com.dspread.demoui.BusinessCardActivity,android.widget.ListView) -> h
    android.widget.Button access$600(com.dspread.demoui.BusinessCardActivity) -> i
    android.widget.Button access$700(com.dspread.demoui.BusinessCardActivity) -> j
    void clearDisplay() -> k
    void dismissDialog() -> l
com.dspread.demoui.BusinessCardActivity$MyOnClickListener -> com.dspread.demoui.BusinessCardActivity$a:
    com.dspread.demoui.BusinessCardActivity this$0 -> a
com.dspread.demoui.BusinessCardActivity$MyPosListener -> com.dspread.demoui.BusinessCardActivity$b:
    com.dspread.demoui.BusinessCardActivity this$0 -> a
com.dspread.demoui.BusinessCardActivity$MyPosListener$1 -> com.dspread.demoui.BusinessCardActivity$b$a:
    com.dspread.demoui.BusinessCardActivity$MyPosListener this$1 -> a
com.dspread.demoui.BusinessCardActivity$MyPosListener$2 -> com.dspread.demoui.BusinessCardActivity$b$b:
    com.dspread.demoui.BusinessCardActivity$MyPosListener this$1 -> a
com.dspread.demoui.BusinessCardActivity$MyPosListener$3 -> com.dspread.demoui.BusinessCardActivity$b$c:
    com.dspread.demoui.BusinessCardActivity$MyPosListener this$1 -> a
com.dspread.demoui.BusinessCardActivity$MyPosListener$4 -> com.dspread.demoui.BusinessCardActivity$b$d:
    com.dspread.demoui.BusinessCardActivity$MyPosListener this$1 -> a
com.dspread.demoui.ConnectedDeviceListActivity -> com.dspread.demoui.ConnectedDeviceListActivity:
    android.widget.ArrayAdapter mConnectedDeviceArrayAdapter -> a
    android.widget.AdapterView$OnItemClickListener mDeviceClickListener -> c
    boolean noConnected -> b
    java.lang.String EXTRA_CONNECTED_ADDRESS -> d
    boolean access$000(com.dspread.demoui.ConnectedDeviceListActivity) -> a
com.dspread.demoui.ConnectedDeviceListActivity$1 -> com.dspread.demoui.ConnectedDeviceListActivity$a:
    com.dspread.demoui.ConnectedDeviceListActivity this$0 -> a
com.dspread.demoui.DeviceListActivity -> com.dspread.demoui.DeviceListActivity:
    android.widget.AdapterView$OnItemClickListener mDeviceClickListener -> c
    android.bluetooth.BluetoothAdapter mBtAdapter -> a
    java.lang.String EXTRA_DEVICE_ADDRESS -> d
    android.widget.ArrayAdapter mPairedDevicesArrayAdapter -> b
    android.bluetooth.BluetoothAdapter access$000(com.dspread.demoui.DeviceListActivity) -> a
    android.widget.ArrayAdapter access$100(com.dspread.demoui.DeviceListActivity) -> b
com.dspread.demoui.DeviceListActivity$1 -> com.dspread.demoui.DeviceListActivity$a:
    com.dspread.demoui.DeviceListActivity this$0 -> a
...
android.support.v7.app.ActionBar -> android.support.v7.app.ActionBar:
    boolean closeOptionsMenu() -> g
    boolean collapseActionView() -> h
    void dispatchMenuVisibilityChanged(boolean) -> i
    int getDisplayOptions() -> j
    android.content.Context getThemedContext() -> k
    boolean invalidateOptionsMenu() -> l
    void onConfigurationChanged(android.content.res.Configuration) -> m
    void onDestroy() -> n
    boolean onKeyShortcut(int,android.view.KeyEvent) -> o
    boolean onMenuKeyEvent(android.view.KeyEvent) -> p
    boolean openOptionsMenu() -> q
    void setDefaultDisplayHomeAsUpEnabled(boolean) -> r
    void setShowHideAnimationEnabled(boolean) -> s
    void setWindowTitle(java.lang.CharSequence) -> t
    android.support.v7.view.ActionMode startActionMode(android.support.v7.view.ActionMode$Callback) -> u
android.support.v7.app.ActionBar$LayoutParams -> android.support.v7.app.ActionBar$LayoutParams:
    int gravity -> a
android.support.v7.app.ActionBar$OnMenuVisibilityListener -> android.support.v7.app.ActionBar$a:
    void onMenuVisibilityChanged(boolean) -> a
android.support.v7.app.ActionBar$Tab -> android.support.v7.app.ActionBar$b:
    java.lang.CharSequence getContentDescription() -> a
    android.view.View getCustomView() -> b
    android.graphics.drawable.Drawable getIcon() -> c
    java.lang.CharSequence getText() -> d
    void select() -> e
android.support.v7.app.AlertController -> android.support.v7.app.AlertController:
    android.content.Context mContext -> a
    int mListItemLayout -> O
    int mViewSpacingRight -> l
    android.widget.Button mButtonNeutral -> w
    int mMultiChoiceItemLayout -> M
    boolean mShowTitle -> P
    int mViewSpacingLeft -> j
    int mButtonPanelSideLayout -> K
    android.os.Handler mHandler -> R
    int mCheckedItem -> I
    int mButtonIconDimen -> d
    java.lang.CharSequence mMessage -> f
    android.widget.Button mButtonPositive -> o
    android.widget.ImageView mIconView -> D
    android.widget.ListAdapter mAdapter -> H
    android.widget.Button mButtonNegative -> s
    android.graphics.drawable.Drawable mButtonNegativeIcon -> v
    android.widget.TextView mTitleView -> E
    android.graphics.drawable.Drawable mButtonNeutralIcon -> z
    android.view.View$OnClickListener mButtonHandler -> S
    android.graphics.drawable.Drawable mButtonPositiveIcon -> r
    android.graphics.drawable.Drawable mIcon -> C
    int mSingleChoiceItemLayout -> N
    boolean mViewSpacingSpecified -> n
    int mListLayout -> L
    int mViewSpacingBottom -> m
    android.os.Message mButtonPositiveMessage -> q
    int mAlertDialogLayout -> J
    int mViewSpacingTop -> k
    int mViewLayoutResId -> i
    java.lang.CharSequence mTitle -> e
    android.os.Message mButtonNeutralMessage -> y
    int mIconId -> B
    android.os.Message mButtonNegativeMessage -> u
    android.view.Window mWindow -> c
android.support.v7.app.AlertController$1 -> android.support.v7.app.AlertController$a:
    android.support.v7.app.AlertController this$0 -> a
android.support.v7.app.AlertController$2 -> android.support.v7.app.AlertController$b:
    android.view.View val$top -> a
    android.view.View val$bottom -> b
    void onScrollChange(android.support.v4.widget.NestedScrollView,int,int,int,int) -> a
android.support.v7.app.AlertController$3 -> android.support.v7.app.AlertController$c:
    android.support.v7.app.AlertController this$0 -> c
    android.view.View val$top -> a
    android.view.View val$bottom -> b
android.support.v7.app.AlertController$4 -> android.support.v7.app.AlertController$d:
    android.view.View val$top -> a
    android.view.View val$bottom -> b
android.support.v7.app.AlertController$5 -> android.support.v7.app.AlertController$e:
    android.support.v7.app.AlertController this$0 -> c
    android.view.View val$top -> a
    android.view.View val$bottom -> b