pos_android_studio_app/proguard/unused.txt
com.dspread.demoui.injectKey.Envelope:
    public void <init>()
    public static java.lang.String getEncryptedDataByPublicKey(java.lang.String,java.lang.String)
    public static java.lang.String updateTokenByDigitalEnvelope(java.io.InputStream,com.dspread.demoui.injectKey.Poskeys,com.dspread.demoui.injectKey.Poskeys$RSA_KEY_LEN,int)
com.dspread.demoui.utils.CreateSecretKey
com.dspread.demoui.keyBoard.KeyboardUtil$1
com.dspread.demoui.R$styleable
com.dspread.demoui.ConnectedDeviceListActivity:
    private static final java.lang.String TAG
    private static final boolean D
com.dspread.demoui.xmlparse.TagApp:
    public java.lang.String getApplication_Identifier_AID_terminal()
    public java.lang.String getTransaction_Currency_Code()
    public java.lang.String getTransaction_Currency_Exponent()
    public java.lang.String getAcquirer_Identifier()
    public java.lang.String getApplication_Version_Number()
    public java.lang.String getMerchant_Category_Code()
    public java.lang.String getMerchant_Identifier()
    public java.lang.String getTerminal_Country_Code()
    public java.lang.String getTerminal_Floor_Limit()
    public java.lang.String getTerminal_Identification()
    public java.lang.String getInterface_Device_IFD_Serial_Number()
    public java.lang.String getTerminal_Cterminal_contactless_transaction_limitapabilities()
    public java.lang.String getTerminal_type()
    public java.lang.String getPoint_of_Service_POS_EntryMode()
    public java.lang.String getTransaction_Reference_Currency_Code()
    public java.lang.String getTransaction_Reference_Currency_Exponent()
    public java.lang.String getAdditional_Terminal_Capabilities()
    public java.lang.String getMerchant_Name_and_Location()
    public java.lang.String getTerminal_Default_Transaction_Qualifiers()
    public java.lang.String getCurrency_conversion_factor()
    public java.lang.String getElectronic_cash_Terminal_Transaction_Limit()
    public java.lang.String getApplication_Selection_Indicator()
    public java.lang.String getTAC_Default()
com.dspread.demoui.utils.PreferenceUtil:
    public void <init>()
    public static void putLong(android.content.Context,java.lang.String,long)
    public static long getLong(android.content.Context,java.lang.String,long)
com.dspread.demoui.xmlparse.TagCapk:
    public java.lang.String getRID()
    public java.lang.String getPublic_Key_Index()
    public java.lang.String getPublic_Key_Module()
    public java.lang.String getPublic_Key_CheckValue()
    public java.lang.String getPk_exponent()
    public java.lang.String getExpired_date()
    public java.lang.String getHash_algorithm_identification()
    public java.lang.String getPk_algorithm_identification()
com.dspread.demoui.utils.GPSUtils$OnLocationResultListener
com.dspread.demoui.utils.DUKPK2009_CBC$Enum_mode
com.dspread.demoui.utils.TLVParser:
    public void <init>()
    public static java.util.List parse(java.lang.String)
    private static java.util.List getTLVList(byte[])
    public static java.util.List parseWithoutValue(java.lang.String)
    private static java.util.List getTLVListWithoutValue(byte[])
    protected static java.lang.String toHexString(byte[])
    public static com.dspread.demoui.utils.TLV searchTLV(java.util.List,java.lang.String)
    public static void main(java.lang.String[])
com.dspread.demoui.xmlparse.BaseTag:
    public static final java.lang.String EMV_APP
    public static final java.lang.String EMV_CAPK
com.dspread.demoui.TRACE:
    public void <init>()
    public static void e(java.lang.Exception)
    public static void a(int)
com.dspread.demoui.keyBoard.KeyboardUtil$2
com.dspread.demoui.R$id
com.dspread.demoui.MainActivity$MyPosListener:
    private boolean isSuccess
    private java.lang.String result
com.dspread.demoui.R$drawable
com.dspread.demoui.R$menu
...
android_serialport_api.SerialPort:
    private static final java.lang.String TAG
android.support.v4.os.TraceCompat
org.intellij.lang.annotations.JdkConstants$PatternFlags
android.support.v7.widget.AppCompatImageHelper:
    void setInternalImageTint(android.content.res.ColorStateList)
android.support.v7.widget.AppCompatPopupWindow:
    public void <init>(android.content.Context,android.util.AttributeSet,int)
android.support.v7.widget.ThemedSpinnerAdapter$Helper
android.support.v13.view.inputmethod.InputConnectionCompat
android.support.v4.content.res.TypedArrayUtils:
    public static boolean getBoolean(android.content.res.TypedArray,int,int,boolean)
    public static android.graphics.drawable.Drawable getDrawable(android.content.res.TypedArray,int,int)
    public static int getInt(android.content.res.TypedArray,int,int,int)
    public static int getResourceId(android.content.res.TypedArray,int,int,int)
    public static java.lang.String getString(android.content.res.TypedArray,int,int)
    public static java.lang.CharSequence getText(android.content.res.TypedArray,int,int)
    public static java.lang.CharSequence[] getTextArray(android.content.res.TypedArray,int,int)
    public static int getAttr(android.content.Context,int,int)
    private void <init>()
    private static final java.lang.String NAMESPACE
android.support.v4.app.SupportActivity:
    public void putExtraData(android.support.v4.app.SupportActivity$ExtraData)
    public android.support.v4.app.SupportActivity$ExtraData getExtraData(java.lang.Class)
android.support.v4.text.BidiFormatter
android.support.v4.view.MenuItemCompat:
    public static void setShowAsAction(android.view.MenuItem,int)
    public static android.view.MenuItem setActionView(android.view.MenuItem,android.view.View)
    public static android.view.MenuItem setActionView(android.view.MenuItem,int)
    public static android.view.View getActionView(android.view.MenuItem)
    public static android.support.v4.view.ActionProvider getActionProvider(android.view.MenuItem)
    public static boolean expandActionView(android.view.MenuItem)
    public static boolean collapseActionView(android.view.MenuItem)
    public static boolean isActionViewExpanded(android.view.MenuItem)
    public static android.view.MenuItem setOnActionExpandListener(android.view.MenuItem,android.support.v4.view.MenuItemCompat$OnActionExpandListener)
    public static java.lang.CharSequence getContentDescription(android.view.MenuItem)
    public static java.lang.CharSequence getTooltipText(android.view.MenuItem)
    public static void setShortcut(android.view.MenuItem,char,char,int,int)
    public static int getNumericModifiers(android.view.MenuItem)
    public static int getAlphabeticModifiers(android.view.MenuItem)
    public static android.content.res.ColorStateList getIconTintList(android.view.MenuItem)
    public static android.graphics.PorterDuff$Mode getIconTintMode(android.view.MenuItem)
    private void <init>()
    private static final java.lang.String TAG
    public static final int SHOW_AS_ACTION_NEVER
android.support.v4.graphics.drawable.DrawableCompat:
    public static void clearColorFilter(android.graphics.drawable.Drawable)
    private void <init>()
    private static final java.lang.String TAG